[INFO] Scanning for projects...
[INFO] 
[INFO] ------------< com.acquisitionrisk:acquisition-risk-engine >-------------
[INFO] Building  0.0.1-SNAPSHOT
[INFO]   from pom.xml
[INFO] --------------------------------[ jar ]---------------------------------
[INFO] 
[INFO] >>> spring-boot:4.0.6:run (default-cli) > test-compile @ acquisition-risk-engine >>>
[INFO] 
[INFO] --- resources:3.3.1:resources (default-resources) @ acquisition-risk-engine ---
[INFO] Copying 1 resource from src/main/resources to target/classes
[INFO] Copying 1 resource from src/main/resources to target/classes
[INFO] 
[INFO] --- compiler:3.14.1:compile (default-compile) @ acquisition-risk-engine ---
[INFO] Nothing to compile - all classes are up to date.
[INFO] 
[INFO] --- resources:3.3.1:testResources (default-testResources) @ acquisition-risk-engine ---
[INFO] skip non existing resourceDirectory /Users/alexmoozhayil/Developer/projects/java/acquisition-risk-engine/src/test/resources
[INFO] 
[INFO] --- compiler:3.14.1:testCompile (default-testCompile) @ acquisition-risk-engine ---
[INFO] Nothing to compile - all classes are up to date.
[INFO] 
[INFO] <<< spring-boot:4.0.6:run (default-cli) < test-compile @ acquisition-risk-engine <<<
[INFO] 
[INFO] 
[INFO] --- spring-boot:4.0.6:run (default-cli) @ acquisition-risk-engine ---
[INFO] Attaching agents: []

  .   ____          _            __ _ _
 /\\ / ___'_ __ _ _(_)_ __  __ _ \ \ \ \
( ( )\___ | '_ | '_| | '_ \/ _` | \ \ \ \
 \\/  ___)| |_)| | | | | || (_| |  ) ) ) )
  '  |____| .__|_| |_|_| |_\__, | / / / /
 =========|_|==============|___/=/_/_/_/

 :: Spring Boot ::                (v4.0.6)

2026-06-08T12:54:22.006-05:00  INFO 4576 --- [acquisition-risk-engine] [           main] a.AcquisitionRiskEngineApplication       : Starting AcquisitionRiskEngineApplication using Java 17.0.19 with PID 4576 (/Users/alexmoozhayil/Developer/projects/java/acquisition-risk-engine/target/classes started by alexmoozhayil in /Users/alexmoozhayil/Developer/projects/java/acquisition-risk-engine)
2026-06-08T12:54:22.008-05:00  INFO 4576 --- [acquisition-risk-engine] [           main] a.AcquisitionRiskEngineApplication       : No active profile set, falling back to 1 default profile: "default"
2026-06-08T12:54:22.217-05:00  INFO 4576 --- [acquisition-risk-engine] [           main] o.s.boot.tomcat.TomcatWebServer          : Tomcat initialized with port 8080 (http)
2026-06-08T12:54:22.221-05:00  INFO 4576 --- [acquisition-risk-engine] [           main] o.apache.catalina.core.StandardService   : Starting service [Tomcat]
2026-06-08T12:54:22.221-05:00  INFO 4576 --- [acquisition-risk-engine] [           main] o.apache.catalina.core.StandardEngine    : Starting Servlet engine: [Apache Tomcat/11.0.21]
2026-06-08T12:54:22.232-05:00  INFO 4576 --- [acquisition-risk-engine] [           main] b.w.c.s.WebApplicationContextInitializer : Root WebApplicationContext: initialization completed in 212 ms
2026-06-08T12:54:22.334-05:00  INFO 4576 --- [acquisition-risk-engine] [           main] o.s.boot.tomcat.TomcatWebServer          : Tomcat started on port 8080 (http) with context path '/'
2026-06-08T12:54:22.335-05:00  INFO 4576 --- [acquisition-risk-engine] [           main] a.AcquisitionRiskEngineApplication       : Started AcquisitionRiskEngineApplication in 0.434 seconds (process running for 0.521)
