[INFO] Scanning for projects...
[INFO] 
[INFO] ------------< com.acquisitionrisk:acquisition-risk-engine >-------------
[INFO] Building  0.0.1-SNAPSHOT
[INFO]   from pom.xml
[INFO] --------------------------------[ jar ]---------------------------------
[INFO] 
[INFO] --- clean:3.5.0:clean (default-clean) @ acquisition-risk-engine ---
[INFO] Deleting /Users/alexmoozhayil/Developer/projects/java/acquisition-risk-engine/target
[INFO] 
[INFO] --- resources:3.3.1:resources (default-resources) @ acquisition-risk-engine ---
[INFO] Copying 1 resource from src/main/resources to target/classes
[INFO] Copying 2 resources from src/main/resources to target/classes
[INFO] 
[INFO] --- compiler:3.14.1:compile (default-compile) @ acquisition-risk-engine ---
[INFO] Recompiling the module because of changed source code.
[INFO] Compiling 23 source files with javac [debug parameters release 17] to target/classes
[INFO] ------------------------------------------------------------------------
[INFO] BUILD SUCCESS
[INFO] ------------------------------------------------------------------------
[INFO] Total time:  0.613 s
[INFO] Finished at: 2026-06-08T16:22:13-05:00
[INFO] ------------------------------------------------------------------------
