[INFO] Scanning for projects...
[INFO] 
[INFO] ------------< com.acquisitionrisk:acquisition-risk-engine >-------------
[INFO] Building  0.0.1-SNAPSHOT
[INFO]   from pom.xml
[INFO] --------------------------------[ jar ]---------------------------------
[INFO] 
[INFO] >>> spring-boot:4.0.6:run (default-cli) > test-compile @ acquisition-risk-engine >>>
[INFO] 
[INFO] --- resources:3.3.1:resources (default-resources) @ acquisition-risk-engine ---
[INFO] Copying 1 resource from src/main/resources to target/classes
[INFO] Copying 0 resource from src/main/resources to target/classes
[INFO] 
[INFO] --- compiler:3.14.1:compile (default-compile) @ acquisition-risk-engine ---
[INFO] Nothing to compile - all classes are up to date.
[INFO] 
[INFO] --- resources:3.3.1:testResources (default-testResources) @ acquisition-risk-engine ---
[INFO] skip non existing resourceDirectory /Users/alexmoozhayil/Developer/projects/java/acquisition-risk-engine/src/test/resources
[INFO] 
[INFO] --- compiler:3.14.1:testCompile (default-testCompile) @ acquisition-risk-engine ---
[INFO] Nothing to compile - all classes are up to date.
[INFO] 
[INFO] <<< spring-boot:4.0.6:run (default-cli) < test-compile @ acquisition-risk-engine <<<
[INFO] 
[INFO] 
[INFO] --- spring-boot:4.0.6:run (default-cli) @ acquisition-risk-engine ---
[INFO] Attaching agents: []

  .   ____          _            __ _ _
 /\\ / ___'_ __ _ _(_)_ __  __ _ \ \ \ \
( ( )\___ | '_ | '_| | '_ \/ _` | \ \ \ \
 \\/  ___)| |_)| | | | | || (_| |  ) ) ) )
  '  |____| .__|_| |_|_| |_\__, | / / / /
 =========|_|==============|___/=/_/_/_/

 :: Spring Boot ::                (v4.0.6)

2026-06-08T12:44:45.109-05:00  INFO 3854 --- [acquisition-risk-engine] [           main] a.AcquisitionRiskEngineApplication       : Starting AcquisitionRiskEngineApplication using Java 17.0.19 with PID 3854 (/Users/alexmoozhayil/Developer/projects/java/acquisition-risk-engine/target/classes started by alexmoozhayil in /Users/alexmoozhayil/Developer/projects/java/acquisition-risk-engine)
2026-06-08T12:44:45.110-05:00  INFO 3854 --- [acquisition-risk-engine] [           main] a.AcquisitionRiskEngineApplication       : No active profile set, falling back to 1 default profile: "default"
2026-06-08T12:44:45.322-05:00  INFO 3854 --- [acquisition-risk-engine] [           main] o.s.boot.tomcat.TomcatWebServer          : Tomcat initialized with port 8080 (http)
2026-06-08T12:44:45.325-05:00  INFO 3854 --- [acquisition-risk-engine] [           main] o.apache.catalina.core.StandardService   : Starting service [Tomcat]
2026-06-08T12:44:45.325-05:00  INFO 3854 --- [acquisition-risk-engine] [           main] o.apache.catalina.core.StandardEngine    : Starting Servlet engine: [Apache Tomcat/11.0.21]
2026-06-08T12:44:45.336-05:00  INFO 3854 --- [acquisition-risk-engine] [           main] b.w.c.s.WebApplicationContextInitializer : Root WebApplicationContext: initialization completed in 215 ms
2026-06-08T12:44:45.414-05:00  WARN 3854 --- [acquisition-risk-engine] [           main] ConfigServletWebServerApplicationContext : Exception encountered during context initialization - cancelling refresh attempt: org.springframework.beans.factory.BeanCreationException: Error creating bean with name 'dataSource' defined in class path resource [org/springframework/boot/jdbc/autoconfigure/DataSourceConfiguration$Hikari.class]: Failed to instantiate [com.zaxxer.hikari.HikariDataSource]: Factory method 'dataSource' threw exception with message: Failed to determine a suitable driver class
2026-06-08T12:44:45.415-05:00  INFO 3854 --- [acquisition-risk-engine] [           main] o.apache.catalina.core.StandardService   : Stopping service [Tomcat]
2026-06-08T12:44:45.418-05:00  INFO 3854 --- [acquisition-risk-engine] [           main] .s.b.a.l.ConditionEvaluationReportLogger : 

Error starting ApplicationContext. To display the condition evaluation report re-run your application with 'debug' enabled.
2026-06-08T12:44:45.421-05:00 ERROR 3854 --- [acquisition-risk-engine] [           main] o.s.b.d.LoggingFailureAnalysisReporter   : 

***************************
APPLICATION FAILED TO START
***************************

Description:

Failed to configure a DataSource: 'url' attribute is not specified and no embedded datasource could be configured.

Reason: Failed to determine a suitable driver class


Action:

Consider the following:
	If you want an embedded database (H2, HSQL or Derby), please put it on the classpath.
	If you have database settings to be loaded from a particular profile you may need to activate it (no profiles are currently active).

[INFO] ------------------------------------------------------------------------
[INFO] BUILD FAILURE
[INFO] ------------------------------------------------------------------------
[INFO] Total time:  0.835 s
[INFO] Finished at: 2026-06-08T12:44:45-05:00
[INFO] ------------------------------------------------------------------------
[ERROR] Failed to execute goal org.springframework.boot:spring-boot-maven-plugin:4.0.6:run (default-cli) on project acquisition-risk-engine: Process terminated with exit code: 1 -> [Help 1]
[ERROR] 
[ERROR] To see the full stack trace of the errors, re-run Maven with the -e switch.
[ERROR] Re-run Maven using the -X switch to enable full debug logging.
[ERROR] 
[ERROR] For more information about the errors and possible solutions, please read the following articles:
[ERROR] [Help 1] http://cwiki.apache.org/confluence/display/MAVEN/MojoExecutionException
